<?xml version="1.0" encoding="UTF-8"?>
<coverage generated="1643027309273" clover="3.2.0">
  <project timestamp="1643027309273" name="All files">
    <metrics statements="33" coveredstatements="26" conditionals="8" coveredconditionals="6" methods="9" coveredmethods="7" elements="50" coveredelements="39" complexity="0" loc="33" ncloc="33" packages="2" files="4" classes="4"/>
    <package name="functions">
      <metrics statements="15" coveredstatements="13" conditionals="8" coveredconditionals="6" methods="4" coveredmethods="4"/>
      <file name="add.js" path="D:\Web-App Development\Intro to Testing\scripts\functions\add.js">
        <metrics statements="2" coveredstatements="2" conditionals="0" coveredconditionals="0" methods="1" coveredmethods="1"/>
        <line num="2" count="2" type="stmt"/>
        <line num="5" count="1" type="stmt"/>
      </file>
      <file name="clone.js" path="D:\Web-App Development\Intro to Testing\scripts\functions\clone.js">
        <metrics statements="2" coveredstatements="2" conditionals="0" coveredconditionals="0" methods="1" coveredmethods="1"/>
        <line num="1" count="1" type="stmt"/>
        <line num="2" count="2" type="stmt"/>
      </file>
      <file name="validate.js" path="D:\Web-App Development\Intro to Testing\scripts\functions\validate.js">
        <metrics statements="11" coveredstatements="9" conditionals="8" coveredconditionals="6" methods="2" coveredmethods="2"/>
        <line num="1" count="1" type="stmt"/>
        <line num="2" count="2" type="cond" truecount="2" falsecount="0"/>
        <line num="3" count="1" type="stmt"/>
        <line num="5" count="1" type="stmt"/>
        <line num="9" count="4" type="cond" truecount="2" falsecount="0"/>
        <line num="10" count="1" type="stmt"/>
        <line num="12" count="3" type="cond" truecount="1" falsecount="1"/>
        <line num="13" count="0" type="stmt"/>
        <line num="16" count="3" type="cond" truecount="1" falsecount="1"/>
        <line num="17" count="0" type="stmt"/>
        <line num="20" count="3" type="stmt"/>
      </file>
    </package>
    <package name="helpers">
      <metrics statements="18" coveredstatements="13" conditionals="0" coveredconditionals="0" methods="5" coveredmethods="3"/>
      <file name="util.js" path="D:\Web-App Development\Intro to Testing\scripts\helpers\util.js">
        <metrics statements="18" coveredstatements="13" conditionals="0" coveredconditionals="0" methods="5" coveredmethods="3"/>
        <line num="1" count="1" type="stmt"/>
        <line num="3" count="1" type="stmt"/>
        <line num="4" count="1" type="stmt"/>
        <line num="5" count="1" type="stmt"/>
        <line num="6" count="1" type="stmt"/>
        <line num="7" count="1" type="stmt"/>
        <line num="9" count="0" type="stmt"/>
        <line num="14" count="1" type="stmt"/>
        <line num="15" count="1" type="stmt"/>
        <line num="16" count="1" type="stmt"/>
        <line num="17" count="1" type="stmt"/>
        <line num="18" count="1" type="stmt"/>
        <line num="23" count="1" type="stmt"/>
        <line num="24" count="0" type="stmt"/>
        <line num="25" count="0" type="stmt"/>
        <line num="26" count="0" type="stmt"/>
        <line num="27" count="0" type="stmt"/>
        <line num="31" count="1" type="stmt"/>
      </file>
    </package>
  </project>
</coverage>
