TN:
SF:functions\add.js
FN:1,add
FNF:1
FNH:1
FNDA:2,add
DA:2,2
DA:5,1
LF:2
LH:2
BRF:0
BRH:0
end_of_record
TN:
SF:functions\clone.js
FN:1,clone
FNF:1
FNH:1
FNDA:2,clone
DA:1,1
DA:2,2
LF:2
LH:2
BRF:0
BRH:0
end_of_record
TN:
SF:functions\validate.js
FN:1,checkAndGenerate
FN:8,validateInput
FNF:2
FNH:2
FNDA:2,checkAndGenerate
FNDA:4,validateInput
DA:1,1
DA:2,2
DA:3,1
DA:5,1
DA:9,4
DA:10,1
DA:12,3
DA:13,0
DA:16,3
DA:17,0
DA:20,3
LF:11
LH:9
BRDA:2,0,0,1
BRDA:2,0,1,1
BRDA:9,1,0,1
BRDA:9,1,1,3
BRDA:12,2,0,0
BRDA:12,2,1,3
BRDA:16,3,0,0
BRDA:16,3,1,3
BRF:8
BRH:6
end_of_record
