TN:
SF:scripts\functions\add.js
FN:1,add
FNF:1
FNH:1
FNDA:2,add
DA:2,2
DA:5,1
LF:2
LH:2
BRF:0
BRH:0
end_of_record
TN:
SF:scripts\functions\clone.js
FN:1,clone
FNF:1
FNH:1
FNDA:2,clone
DA:1,1
DA:2,2
LF:2
LH:2
BRF:0
BRH:0
end_of_record
TN:
SF:scripts\functions\validate.js
FN:1,checkAndGenerate
FN:8,validateInput
FNF:2
FNH:2
FNDA:2,checkAndGenerate
FNDA:4,validateInput
DA:1,1
DA:2,2
DA:3,1
DA:5,1
DA:9,4
DA:10,1
DA:12,3
DA:13,0
DA:16,3
DA:17,0
DA:20,3
LF:11
LH:9
BRDA:2,0,0,1
BRDA:2,0,1,1
BRDA:9,1,0,1
BRDA:9,1,1,3
BRDA:12,2,0,0
BRDA:12,2,1,3
BRDA:16,3,0,0
BRDA:16,3,1,3
BRF:8
BRH:6
end_of_record
TN:
SF:scripts\helpers\util.js
FN:3,(anonymous_0)
FN:14,(anonymous_1)
FN:15,(anonymous_2)
FN:23,(anonymous_3)
FN:24,(anonymous_4)
FNF:5
FNH:3
FNDA:1,(anonymous_0)
FNDA:1,(anonymous_1)
FNDA:1,(anonymous_2)
FNDA:0,(anonymous_3)
FNDA:0,(anonymous_4)
DA:1,1
DA:3,1
DA:4,1
DA:5,1
DA:6,1
DA:7,1
DA:9,0
DA:14,1
DA:15,1
DA:16,1
DA:17,1
DA:18,1
DA:23,1
DA:24,0
DA:25,0
DA:26,0
DA:27,0
DA:31,1
LF:18
LH:13
BRF:0
BRH:0
end_of_record
